<?xml version="1.0" encoding="UTF-8"?>
<testsuite xmlns:xsi="http://www.w3.org/2001/XMLSchema-instance" xsi:noNamespaceSchemaLocation="https://maven.apache.org/surefire/maven-surefire-plugin/xsd/surefire-test-report.xsd" name="step_definition.RunCukesTest" time="24.537" tests="6" errors="0" skipped="0" failures="0">
  <properties>
[...]
</properties>
  <testcase name="Given User on homepage with already login" classname="Scenario: User want explore the music playlist based on categories and see list of song form each categories" time="0"/>
  <testcase name="And User click explore menu" classname="Scenario: User want explore the music playlist based on categories and see list of song form each categories" time="0"/>
  <testcase name="Then User should be navigated to explore menu" classname="Scenario: User want explore the music playlist based on categories and see list of song form each categories" time="0"/>
  <testcase name="When User explore the music based on categories" classname="Scenario: User want explore the music playlist based on categories and see list of song form each categories" time="0"/>
  <testcase name="Then User can see new album and single section, mood and genres section, trending section, new music video section" classname="Scenario: User want explore the music playlist based on categories and see list of song form each categories" time="0"/>
  <testcase name="Scenario: User want explore the music playlist based on categories and see list of song form each categories" classname="Scenario: User want explore the music playlist based on categories and see list of song form each categories" time="0.001"/>
</testsuite>